  [1m[36m (1.8ms)[0m  [1mCREATE TABLE "schema_migrations" ("version" varchar NOT NULL) [0m
  [1m[35m (13.3ms)[0m  select sqlite_version(*)
  [1m[36m (16.1ms)[0m  [1mCREATE UNIQUE INDEX "unique_schema_migrations" ON "schema_migrations" ("version")[0m
  [1m[35mActiveRecord::SchemaMigration Load (0.2ms)[0m  SELECT "schema_migrations".* FROM "schema_migrations"
Migrating to CreateBooks (20161010092322)
  [1m[36m (0.1ms)[0m  [1mbegin transaction[0m
  [1m[35m (0.7ms)[0m  CREATE TABLE "books" ("id" INTEGER PRIMARY KEY AUTOINCREMENT NOT NULL, "title" varchar(32) NOT NULL, "price" float, "subject_id" integer, "description" text, "created_at" datetime) 
  [1m[36mSQL (0.3ms)[0m  [1mINSERT INTO "schema_migrations" ("version") VALUES (?)[0m  [["version", "20161010092322"]]
  [1m[35m (1.6ms)[0m  commit transaction
Migrating to CreateSubjects (20161010092353)
  [1m[36m (0.1ms)[0m  [1mbegin transaction[0m
  [1m[35m (0.6ms)[0m  CREATE TABLE "subjects" ("id" INTEGER PRIMARY KEY AUTOINCREMENT NOT NULL, "name" varchar) 
  [1m[36mSQL (0.3ms)[0m  [1mINSERT INTO "subjects" ("name") VALUES (?)[0m  [["name", "AB"]]
  [1m[35mSQL (0.1ms)[0m  INSERT INTO "subjects" ("name") VALUES (?)  [["name", "CD"]]
  [1m[36mSQL (0.1ms)[0m  [1mINSERT INTO "subjects" ("name") VALUES (?)[0m  [["name", "GH"]]
  [1m[35mSQL (0.1ms)[0m  INSERT INTO "subjects" ("name") VALUES (?)  [["name", "IJ"]]
  [1m[36mSQL (0.6ms)[0m  [1mINSERT INTO "subjects" ("name") VALUES (?)[0m  [["name", "KL"]]
  [1m[35mSQL (0.3ms)[0m  INSERT INTO "schema_migrations" ("version") VALUES (?)  [["version", "20161010092353"]]
  [1m[36m (1.7ms)[0m  [1mcommit transaction[0m
Migrating to Books (20161010092627)
  [1m[35m (0.1ms)[0m  begin transaction
  [1m[36mSQL (0.5ms)[0m  [1mINSERT INTO "schema_migrations" ("version") VALUES (?)[0m  [["version", "20161010092627"]]
  [1m[35m (6.3ms)[0m  commit transaction
Migrating to Subjects (20161010092653)
  [1m[36m (0.1ms)[0m  [1mbegin transaction[0m
  [1m[35mSQL (0.4ms)[0m  INSERT INTO "schema_migrations" ("version") VALUES (?)  [["version", "20161010092653"]]
  [1m[36m (3.3ms)[0m  [1mcommit transaction[0m
  [1m[35mActiveRecord::SchemaMigration Load (0.6ms)[0m  SELECT "schema_migrations".* FROM "schema_migrations"


Started GET "/book/list" for ::1 at 2016-10-10 03:37:19 -0600
  [1m[36mActiveRecord::SchemaMigration Load (0.5ms)[0m  [1mSELECT "schema_migrations".* FROM "schema_migrations"[0m
Processing by BookController#list as HTML
  [1m[35mBook Load (19.0ms)[0m  SELECT "books".* FROM "books"
  Rendered book/list.html.erb within layouts/application (24.8ms)
Completed 200 OK in 2988ms (Views: 2896.9ms | ActiveRecord: 19.2ms)


Started GET "/book/new" for ::1 at 2016-10-10 03:37:31 -0600
Processing by BookController#new as HTML
  [1m[36mSubject Load (44.9ms)[0m  [1mSELECT "subjects".* FROM "subjects"[0m
  Rendered book/new.html.erb within layouts/application (360.9ms)
Completed 200 OK in 1081ms (Views: 653.1ms | ActiveRecord: 46.0ms)


Started GET "/book/new" for ::1 at 2016-10-10 03:37:33 -0600
Processing by BookController#new as HTML
  [1m[35mSubject Load (0.3ms)[0m  SELECT "subjects".* FROM "subjects"
  Rendered book/new.html.erb within layouts/application (3.9ms)
Completed 200 OK in 36ms (Views: 34.4ms | ActiveRecord: 0.3ms)


Started POST "/book/create" for ::1 at 2016-10-10 03:38:02 -0600
Processing by BookController#create as HTML
  Parameters: {"utf8"=>"✓", "authenticity_token"=>"mX7MKNIMCTdNrkqsgg8KKc3ug8tz57zwn+FQW2odYDcgmWJk2ImBVY6yJ4uggSn8GdzYx4VQ32gPII89aQFafA==", "books"=>{"title"=>"Math", "price"=>"120.00", "subject_id"=>"1", "description"=>"Rare"}, "commit"=>"Create"}
  [1m[36m (0.1ms)[0m  [1mbegin transaction[0m
  [1m[35mSQL (50.5ms)[0m  INSERT INTO "books" ("title", "price", "subject_id", "description", "created_at") VALUES (?, ?, ?, ?, ?)  [["title", "Math"], ["price", 120.0], ["subject_id", 1], ["description", "Rare"], ["created_at", "2016-10-10 09:38:02.780995"]]
  [1m[36m (1.7ms)[0m  [1mcommit transaction[0m
Redirected to http://localhost:3000/book/list
Completed 302 Found in 112ms (ActiveRecord: 52.3ms)


Started GET "/book/list" for ::1 at 2016-10-10 03:38:02 -0600
Processing by BookController#list as HTML
  [1m[35mBook Load (0.3ms)[0m  SELECT "books".* FROM "books"
  Rendered book/list.html.erb within layouts/application (2.3ms)
Completed 200 OK in 108ms (Views: 106.2ms | ActiveRecord: 0.3ms)


Started GET "/book/show?id=1" for ::1 at 2016-10-10 03:38:06 -0600
Processing by BookController#show as HTML
  Parameters: {"id"=>"1"}
  [1m[36mBook Load (0.4ms)[0m  [1mSELECT  "books".* FROM "books" WHERE "books"."id" = ? LIMIT 1[0m  [["id", 1]]
  [1m[35mSubject Load (0.4ms)[0m  SELECT  "subjects".* FROM "subjects" WHERE "subjects"."id" = ? LIMIT 1  [["id", 1]]
  Rendered book/show.html.erb within layouts/application (54.5ms)
Completed 200 OK in 517ms (Views: 424.6ms | ActiveRecord: 0.7ms)


Started GET "/book/show?id=1" for ::1 at 2016-10-10 03:38:08 -0600
Processing by BookController#show as HTML
  Parameters: {"id"=>"1"}
  [1m[36mBook Load (0.2ms)[0m  [1mSELECT  "books".* FROM "books" WHERE "books"."id" = ? LIMIT 1[0m  [["id", 1]]
  [1m[35mSubject Load (0.1ms)[0m  SELECT  "subjects".* FROM "subjects" WHERE "subjects"."id" = ? LIMIT 1  [["id", 1]]
  Rendered book/show.html.erb within layouts/application (3.5ms)
Completed 200 OK in 43ms (Views: 40.2ms | ActiveRecord: 0.3ms)


Started GET "/book/list" for ::1 at 2016-10-10 03:38:10 -0600
Processing by BookController#list as HTML
  [1m[36mBook Load (0.3ms)[0m  [1mSELECT "books".* FROM "books"[0m
  Rendered book/list.html.erb within layouts/application (2.2ms)
Completed 200 OK in 50ms (Views: 48.9ms | ActiveRecord: 0.3ms)


Started GET "/book/new" for ::1 at 2016-10-10 03:38:12 -0600
Processing by BookController#new as HTML
  [1m[35mSubject Load (0.2ms)[0m  SELECT "subjects".* FROM "subjects"
  Rendered book/new.html.erb within layouts/application (8.2ms)
Completed 200 OK in 215ms (Views: 213.8ms | ActiveRecord: 0.2ms)


Started GET "/book/new" for ::1 at 2016-10-10 03:38:13 -0600
Processing by BookController#new as HTML
  [1m[36mSubject Load (0.2ms)[0m  [1mSELECT "subjects".* FROM "subjects"[0m
  Rendered book/new.html.erb within layouts/application (3.2ms)
Completed 200 OK in 47ms (Views: 44.0ms | ActiveRecord: 0.2ms)


Started GET "/book/new" for ::1 at 2016-10-10 03:39:06 -0600
Processing by BookController#new as HTML
  [1m[35mSubject Load (2.5ms)[0m  SELECT "subjects".* FROM "subjects"
  Rendered book/new.html.erb within layouts/application (94.2ms)
Completed 200 OK in 328ms (Views: 292.3ms | ActiveRecord: 2.5ms)


Started GET "/assets/application.self-e80e8f2318043e8af94dddc2adad5a4f09739a8ebb323b3ab31cd71d45fd9113.css?body=1" for ::1 at 2016-10-10 03:39:07 -0600


Started GET "/assets/book.self-e3b0c44298fc1c149afbf4c8996fb92427ae41e4649b934ca495991b7852b855.css?body=1" for ::1 at 2016-10-10 03:39:07 -0600


Started GET "/assets/jquery.self-bd7ddd393353a8d2480a622e80342adf488fb6006d667e8b42e4c0073393abee.js?body=1" for ::1 at 2016-10-10 03:39:07 -0600


Started GET "/assets/jquery_ujs.self-784a997f6726036b1993eb2217c9cb558e1cbb801c6da88105588c56f13b466a.js?body=1" for ::1 at 2016-10-10 03:39:07 -0600


Started GET "/assets/turbolinks.self-c5acd7a204f5f25ce7a1d8a0e4d92e28d34c9e2df2c7371cd7af88e147e4ad82.js?body=1" for ::1 at 2016-10-10 03:39:07 -0600


Started GET "/assets/application.self-3b8dabdc891efe46b9a144b400ad69e37d7e5876bdc39dee783419a69d7ca819.js?body=1" for ::1 at 2016-10-10 03:39:07 -0600


Started GET "/assets/book.self-877aef30ae1b040ab8a3aba4e3e309a11d7f2612f44dde450b5c157aa5f95c05.js?body=1" for ::1 at 2016-10-10 03:39:07 -0600


Started GET "/book/new" for ::1 at 2016-10-10 03:39:11 -0600
Processing by BookController#new as HTML
  [1m[36mSubject Load (0.3ms)[0m  [1mSELECT "subjects".* FROM "subjects"[0m
  Rendered book/new.html.erb within layouts/application (4.8ms)
Completed 200 OK in 35ms (Views: 33.2ms | ActiveRecord: 0.3ms)


Started POST "/book/create" for ::1 at 2016-10-10 03:39:39 -0600
Processing by BookController#create as HTML
  Parameters: {"utf8"=>"✓", "authenticity_token"=>"qF8dfpzX5iivTl1y7m76nEmBqRlvs51v6hm88DYn5kcRuLMyllJuSmxSMFXM4NlJnbPyFZkE/vd62GOWNTvcDA==", "books"=>{"title"=>"Chemistry", "price"=>"25.50", "subject_id"=>"3", "description"=>"New Edition"}, "commit"=>"Create"}
  [1m[35m (0.2ms)[0m  begin transaction
  [1m[36mSQL (23.0ms)[0m  [1mINSERT INTO "books" ("title", "price", "subject_id", "description", "created_at") VALUES (?, ?, ?, ?, ?)[0m  [["title", "Chemistry"], ["price", 25.5], ["subject_id", 3], ["description", "New Edition"], ["created_at", "2016-10-10 09:39:39.688556"]]
  [1m[35m (1.6ms)[0m  commit transaction
Redirected to http://localhost:3000/book/list
Completed 302 Found in 36ms (ActiveRecord: 24.8ms)


Started GET "/book/list" for ::1 at 2016-10-10 03:39:39 -0600
Processing by BookController#list as HTML
  [1m[36mBook Load (0.3ms)[0m  [1mSELECT "books".* FROM "books"[0m
  Rendered book/list.html.erb within layouts/application (2.2ms)
Completed 200 OK in 85ms (Views: 84.4ms | ActiveRecord: 0.3ms)


Started GET "/book/show?id=2" for ::1 at 2016-10-10 03:39:42 -0600
Processing by BookController#show as HTML
  Parameters: {"id"=>"2"}
  [1m[35mBook Load (0.2ms)[0m  SELECT  "books".* FROM "books" WHERE "books"."id" = ? LIMIT 1  [["id", 2]]
  [1m[36mSubject Load (0.3ms)[0m  [1mSELECT  "subjects".* FROM "subjects" WHERE "subjects"."id" = ? LIMIT 1[0m  [["id", 3]]
  Rendered book/show.html.erb within layouts/application (100.9ms)
Completed 200 OK in 424ms (Views: 421.0ms | ActiveRecord: 0.5ms)


Started GET "/book/show?id=2" for ::1 at 2016-10-10 03:39:45 -0600
Processing by BookController#show as HTML
  Parameters: {"id"=>"2"}
  [1m[35mBook Load (0.2ms)[0m  SELECT  "books".* FROM "books" WHERE "books"."id" = ? LIMIT 1  [["id", 2]]
  [1m[36mSubject Load (0.2ms)[0m  [1mSELECT  "subjects".* FROM "subjects" WHERE "subjects"."id" = ? LIMIT 1[0m  [["id", 3]]
  Rendered book/show.html.erb within layouts/application (2.2ms)
Completed 200 OK in 70ms (Views: 67.6ms | ActiveRecord: 0.4ms)


Started GET "/book/list" for ::1 at 2016-10-10 03:39:51 -0600
Processing by BookController#list as HTML
  [1m[35mBook Load (0.4ms)[0m  SELECT "books".* FROM "books"
  Rendered book/list.html.erb within layouts/application (2.7ms)
Completed 200 OK in 211ms (Views: 209.9ms | ActiveRecord: 0.4ms)


Started GET "/book/show?id=2" for ::1 at 2016-10-10 03:39:59 -0600
Processing by BookController#show as HTML
  Parameters: {"id"=>"2"}
  [1m[36mBook Load (0.3ms)[0m  [1mSELECT  "books".* FROM "books" WHERE "books"."id" = ? LIMIT 1[0m  [["id", 2]]
  [1m[35mSubject Load (0.2ms)[0m  SELECT  "subjects".* FROM "subjects" WHERE "subjects"."id" = ? LIMIT 1  [["id", 3]]
  Rendered book/show.html.erb within layouts/application (6.8ms)
Completed 200 OK in 642ms (Views: 521.5ms | ActiveRecord: 0.5ms)


Started GET "/book/list" for ::1 at 2016-10-10 03:40:02 -0600
Processing by BookController#list as HTML
  [1m[36mBook Load (0.3ms)[0m  [1mSELECT "books".* FROM "books"[0m
  Rendered book/list.html.erb within layouts/application (3.0ms)
Completed 200 OK in 133ms (Views: 128.1ms | ActiveRecord: 0.3ms)


Started GET "/book/show?id=1" for ::1 at 2016-10-10 03:40:03 -0600
Processing by BookController#show as HTML
  Parameters: {"id"=>"1"}
  [1m[35mBook Load (0.2ms)[0m  SELECT  "books".* FROM "books" WHERE "books"."id" = ? LIMIT 1  [["id", 1]]
  [1m[36mSubject Load (0.2ms)[0m  [1mSELECT  "subjects".* FROM "subjects" WHERE "subjects"."id" = ? LIMIT 1[0m  [["id", 1]]
  Rendered book/show.html.erb within layouts/application (2.9ms)
Completed 200 OK in 115ms (Views: 107.2ms | ActiveRecord: 0.3ms)


Started GET "/book/list" for ::1 at 2016-10-10 03:40:05 -0600
Processing by BookController#list as HTML
  [1m[35mBook Load (0.3ms)[0m  SELECT "books".* FROM "books"
  Rendered book/list.html.erb within layouts/application (3.5ms)
Completed 200 OK in 180ms (Views: 178.6ms | ActiveRecord: 0.3ms)
